[debug] [2025-06-02T12:05:21.019Z] ----------------------------------------------------------------------
[debug] [2025-06-02T12:05:21.030Z] Command:       C:\Program Files\nodejs\node.exe C:\Users\jubai\AppData\Roaming\npm\node_modules\firebase-tools\lib\bin\firebase.js init
[debug] [2025-06-02T12:05:21.031Z] CLI Version:   14.5.1
[debug] [2025-06-02T12:05:21.031Z] Platform:      win32
[debug] [2025-06-02T12:05:21.031Z] Node Version:  v22.15.1
[debug] [2025-06-02T12:05:21.031Z] Time:          Mon Jun 02 2025 18:05:21 GMT+0600 (Bangladesh Standard Time)
[debug] [2025-06-02T12:05:21.032Z] ----------------------------------------------------------------------
[debug] 
[debug] [2025-06-02T12:05:21.039Z] > command requires scopes: ["email","openid","https://www.googleapis.com/auth/cloudplatformprojects.readonly","https://www.googleapis.com/auth/firebase","https://www.googleapis.com/auth/cloud-platform"]
[debug] [2025-06-02T12:05:21.040Z] > authorizing via signed-in user (juubair.islam@gmail.com)
[info] 
     ######## #### ########  ######## ########     ###     ######  ########
     ##        ##  ##     ## ##       ##     ##  ##   ##  ##       ##
     ######    ##  ########  ######   ########  #########  ######  ######
     ##        ##  ##    ##  ##       ##     ## ##     ##       ## ##
     ##       #### ##     ## ######## ########  ##     ##  ######  ########

You're about to initialize a Firebase project in this directory:

  J:\Campus-Connect

[info] 
=== Project Setup
[info] 
[info] First, let's associate this project directory with a Firebase project.
[info] You can create multiple project aliases by running firebase use --add, 
[info] but for now we'll just set up a default project.
[info] 
[debug] [2025-06-02T12:06:37.890Z] Checked if tokens are valid: true, expires at: 1748869470723
[debug] [2025-06-02T12:06:37.890Z] Checked if tokens are valid: true, expires at: 1748869470723
[debug] [2025-06-02T12:06:37.893Z] >>> [apiv2][query] GET https://firebase.googleapis.com/v1beta1/projects pageSize=100
[debug] [2025-06-02T12:06:38.847Z] <<< [apiv2][status] GET https://firebase.googleapis.com/v1beta1/projects 200
[debug] [2025-06-02T12:06:38.847Z] <<< [apiv2][body] GET https://firebase.googleapis.com/v1beta1/projects [omitted]
[info] i  Using project campus-connect-portal (Campus Connect) 
[info] 
=== Firestore Setup
[info] i  firestore: ensuring required API firestore.googleapis.com is enabled... 
[debug] [2025-06-02T12:06:41.437Z] Checked if tokens are valid: true, expires at: 1748869470723
[debug] [2025-06-02T12:06:41.437Z] Checked if tokens are valid: true, expires at: 1748869470723
[debug] [2025-06-02T12:06:41.438Z] >>> [apiv2][query] GET https://serviceusage.googleapis.com/v1/projects/campus-connect-portal/services/firestore.googleapis.com [none]
[debug] [2025-06-02T12:06:41.438Z] >>> [apiv2][(partial)header] GET https://serviceusage.googleapis.com/v1/projects/campus-connect-portal/services/firestore.googleapis.com x-goog-quota-user=projects/campus-connect-portal
[debug] [2025-06-02T12:06:43.405Z] <<< [apiv2][status] GET https://serviceusage.googleapis.com/v1/projects/campus-connect-portal/services/firestore.googleapis.com 200
[debug] [2025-06-02T12:06:43.405Z] <<< [apiv2][body] GET https://serviceusage.googleapis.com/v1/projects/campus-connect-portal/services/firestore.googleapis.com [omitted]
[info] +  firestore: required API firestore.googleapis.com is enabled 
[debug] [2025-06-02T12:06:43.406Z] Checked if tokens are valid: true, expires at: 1748869470723
[debug] [2025-06-02T12:06:43.407Z] Checked if tokens are valid: true, expires at: 1748869470723
[debug] [2025-06-02T12:06:43.407Z] >>> [apiv2][query] GET https://firestore.googleapis.com/v1/projects/campus-connect-portal/databases [none]
[debug] [2025-06-02T12:06:44.416Z] <<< [apiv2][status] GET https://firestore.googleapis.com/v1/projects/campus-connect-portal/databases 200
[debug] [2025-06-02T12:06:44.417Z] <<< [apiv2][body] GET https://firestore.googleapis.com/v1/projects/campus-connect-portal/databases {"databases":[{"name":"projects/campus-connect-portal/databases/(default)","uid":"144c381b-da55-467d-8a32-d9906678c9ed","createTime":"2025-06-02T10:12:22.340942Z","updateTime":"2025-06-02T10:12:22.340942Z","locationId":"asia-south1","type":"FIRESTORE_NATIVE","concurrencyMode":"PESSIMISTIC","versionRetentionPeriod":"3600s","earliestVersionTime":"2025-06-02T11:06:46.100765Z","appEngineIntegrationMode":"DISABLED","keyPrefix":"j","pointInTimeRecoveryEnablement":"POINT_IN_TIME_RECOVERY_DISABLED","deleteProtectionState":"DELETE_PROTECTION_DISABLED","databaseEdition":"STANDARD","freeTier":true,"etag":"IKHTmcjZ0o0DMM6CxP+/0o0D"}]}
[info] 
[info] Firestore Security Rules allow you to define how and when to allow
[info] requests. You can keep these rules in your project directory
[info] and publish them with firebase deploy.
[info] 
[debug] [2025-06-02T12:06:47.120Z] Checked if tokens are valid: true, expires at: 1748869470723
[debug] [2025-06-02T12:06:47.120Z] Checked if tokens are valid: true, expires at: 1748869470723
[debug] [2025-06-02T12:06:47.120Z] >>> [apiv2][query] GET https://firebaserules.googleapis.com/v1/projects/campus-connect-portal/releases pageSize=10&pageToken=
[debug] [2025-06-02T12:06:48.128Z] <<< [apiv2][status] GET https://firebaserules.googleapis.com/v1/projects/campus-connect-portal/releases 200
[debug] [2025-06-02T12:06:48.128Z] <<< [apiv2][body] GET https://firebaserules.googleapis.com/v1/projects/campus-connect-portal/releases {"releases":[{"name":"projects/campus-connect-portal/releases/cloud.firestore","rulesetName":"projects/campus-connect-portal/rulesets/f97c1f5a-335a-4c02-b6b7-2c3fda36eb45","createTime":"2025-06-02T10:12:27.475523Z","updateTime":"2025-06-02T10:12:27.475523Z"}]}
[debug] [2025-06-02T12:06:48.129Z] Checked if tokens are valid: true, expires at: 1748869470723
[debug] [2025-06-02T12:06:48.129Z] Checked if tokens are valid: true, expires at: 1748869470723
[debug] [2025-06-02T12:06:48.130Z] >>> [apiv2][query] GET https://firebaserules.googleapis.com/v1/projects/campus-connect-portal/rulesets/f97c1f5a-335a-4c02-b6b7-2c3fda36eb45 [none]
[debug] [2025-06-02T12:06:48.466Z] <<< [apiv2][status] GET https://firebaserules.googleapis.com/v1/projects/campus-connect-portal/rulesets/f97c1f5a-335a-4c02-b6b7-2c3fda36eb45 200
[debug] [2025-06-02T12:06:48.466Z] <<< [apiv2][body] GET https://firebaserules.googleapis.com/v1/projects/campus-connect-portal/rulesets/f97c1f5a-335a-4c02-b6b7-2c3fda36eb45 [omitted]
[info] i  Downloaded the existing Firestore Security Rules from the Firebase console 
[info] 
[info] Firestore indexes allow you to perform complex queries while
[info] maintaining performance that scales with the size of the result
[info] set. You can keep index definitions in your project directory
[info] and publish them with firebase deploy.
[info] 
[debug] [2025-06-02T12:06:49.426Z] Checked if tokens are valid: true, expires at: 1748869470723
[debug] [2025-06-02T12:06:49.426Z] Checked if tokens are valid: true, expires at: 1748869470723
[debug] [2025-06-02T12:06:49.426Z] Checked if tokens are valid: true, expires at: 1748869470723
[debug] [2025-06-02T12:06:49.427Z] Checked if tokens are valid: true, expires at: 1748869470723
[debug] [2025-06-02T12:06:49.427Z] >>> [apiv2][query] GET https://firestore.googleapis.com/v1/projects/campus-connect-portal/databases/(default)/collectionGroups/-/indexes [none]
[debug] [2025-06-02T12:06:49.428Z] >>> [apiv2][query] GET https://firestore.googleapis.com/v1/projects/campus-connect-portal/databases/(default)/collectionGroups/-/fields?filter=indexConfig.usesAncestorConfig=false OR ttlConfig:* [none]
[debug] [2025-06-02T12:06:49.747Z] <<< [apiv2][status] GET https://firestore.googleapis.com/v1/projects/campus-connect-portal/databases/(default)/collectionGroups/-/indexes 200
[debug] [2025-06-02T12:06:49.747Z] <<< [apiv2][body] GET https://firestore.googleapis.com/v1/projects/campus-connect-portal/databases/(default)/collectionGroups/-/indexes {}
[debug] [2025-06-02T12:06:50.160Z] <<< [apiv2][status] GET https://firestore.googleapis.com/v1/projects/campus-connect-portal/databases/(default)/collectionGroups/-/fields?filter=indexConfig.usesAncestorConfig=false OR ttlConfig:* 200
[debug] [2025-06-02T12:06:50.160Z] <<< [apiv2][body] GET https://firestore.googleapis.com/v1/projects/campus-connect-portal/databases/(default)/collectionGroups/-/fields?filter=indexConfig.usesAncestorConfig=false OR ttlConfig:* {"fields":[{"name":"projects/campus-connect-portal/databases/(default)/collectionGroups/__default__/fields/*","indexConfig":{"indexes":[{"queryScope":"COLLECTION","fields":[{"fieldPath":"*","order":"ASCENDING"}],"state":"READY"},{"queryScope":"COLLECTION","fields":[{"fieldPath":"*","order":"DESCENDING"}],"state":"READY"},{"queryScope":"COLLECTION","fields":[{"fieldPath":"*","arrayConfig":"CONTAINS"}],"state":"READY"}]}}]}
[info] i  Downloaded the existing Firestore indexes from the Firebase console 
[info] +  Wrote firestore.rules 
[info] +  Wrote firestore.indexes.json 
[info] 
=== Hosting Setup
[debug] [2025-06-02T12:06:50.169Z] Checked if tokens are valid: true, expires at: 1748869470723
[debug] [2025-06-02T12:06:50.169Z] Checked if tokens are valid: true, expires at: 1748869470723
[debug] [2025-06-02T12:06:50.170Z] >>> [apiv2][query] GET https://firebase.googleapis.com/v1beta1/projects/campus-connect-portal [none]
[debug] [2025-06-02T12:06:50.757Z] <<< [apiv2][status] GET https://firebase.googleapis.com/v1beta1/projects/campus-connect-portal 200
[debug] [2025-06-02T12:06:50.757Z] <<< [apiv2][body] GET https://firebase.googleapis.com/v1beta1/projects/campus-connect-portal {"projectId":"campus-connect-portal","projectNumber":"790415624874","displayName":"Campus Connect","name":"projects/campus-connect-portal","resources":{"hostingSite":"campus-connect-portal"},"state":"ACTIVE","etag":"1_87bf72b5-c2d3-40ac-b5c3-be9bc8c6de59"}
[info] 
[info] Your public directory is the folder (relative to your project directory) that
[info] will contain Hosting assets to be uploaded with firebase deploy. If you
[info] have a build process for your assets, use your build's output directory.
[info] 
[info] +  Wrote public/404.html 
[debug] [2025-06-02T12:09:21.353Z] >>> [apiv2][query] GET https://www.gstatic.com/firebasejs/releases.json [none]
[debug] [2025-06-02T12:09:21.638Z] <<< [apiv2][status] GET https://www.gstatic.com/firebasejs/releases.json 200
[debug] [2025-06-02T12:09:21.638Z] <<< [apiv2][body] GET https://www.gstatic.com/firebasejs/releases.json {"current":{"version":"11.8.1","browserURL":"https://www.gstatic.com/firebasejs/11.8.1/firebase.js","packageURL":"https://www.gstatic.com/firebasejs/11.8.1/firebase.tgz"},"live":{"version":"11.8","browserURL":"https://www.gstatic.com/firebasejs/live/11.8/firebase.js","packageURL":"https://www.gstatic.com/firebasejs/live/11.8/firebase.tgz"},"components":{"ai":"https://www.gstatic.com/firebasejs/11.8.1/firebase-ai.js","analytics":"https://www.gstatic.com/firebasejs/11.8.1/firebase-analytics.js","app":"https://www.gstatic.com/firebasejs/11.8.1/firebase-app.js","app-check":"https://www.gstatic.com/firebasejs/11.8.1/firebase-app-check.js","auth":"https://www.gstatic.com/firebasejs/11.8.1/firebase-auth.js","auth/cordova":"https://www.gstatic.com/firebasejs/11.8.1/firebase-auth/cordova.js","auth/web-extension":"https://www.gstatic.com/firebasejs/11.8.1/firebase-auth/web-extension.js","functions":"https://www.gstatic.com/firebasejs/11.8.1/firebase-functions.js","firestore":"https://www.gstatic.com/firebasejs/11.8.1/firebase-firestore.js","firestore/lite":"https://www.gstatic.com/firebasejs/11.8.1/firebase-firestore/lite.js","installations":"https://www.gstatic.com/firebasejs/11.8.1/firebase-installations.js","storage":"https://www.gstatic.com/firebasejs/11.8.1/firebase-storage.js","performance":"https://www.gstatic.com/firebasejs/11.8.1/firebase-performance.js","remote-config":"https://www.gstatic.com/firebasejs/11.8.1/firebase-remote-config.js","messaging":"https://www.gstatic.com/firebasejs/11.8.1/firebase-messaging.js","messaging/sw":"https://www.gstatic.com/firebasejs/11.8.1/firebase-messaging/sw.js","database":"https://www.gstatic.com/firebasejs/11.8.1/firebase-database.js","vertexai":"https://www.gstatic.com/firebasejs/11.8.1/firebase-vertexai.js","data-connect":"https://www.gstatic.com/firebasejs/11.8.1/firebase-data-connect.js","firestore.memory":"https://www.gstatic.com/firebasejs/11.8.1/firebase-firestore.memory.js"}}
[info] +  Wrote public/index.html 
[info] 
[info] i  Detected a .git folder at J:\Campus-Connect 
[info] i  Authorizing with GitHub to upload your service account to a GitHub repository's secrets store. 
[info] 
[info] Visit this URL on this device to log in:
[info] https://github.com/login/oauth/authorize?client_id=89cf50f02ac6aaed3484&state=853405219&redirect_uri=http%3A%2F%2Flocalhost%3A9005&scope=read%3Auser%20repo%20public_repo
[info] 
[info] Waiting for authentication...
[debug] [2025-06-02T12:09:33.434Z] >>> [apiv2][query] POST https://github.com/login/oauth/access_token [none]
[debug] [2025-06-02T12:09:33.434Z] >>> [apiv2][body] POST https://github.com/login/oauth/access_token [stream]
[debug] [2025-06-02T12:09:34.116Z] <<< [apiv2][status] POST https://github.com/login/oauth/access_token 200
[debug] [2025-06-02T12:09:34.116Z] <<< [apiv2][body] POST https://github.com/login/oauth/access_token {"access_token":"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","token_type":"bearer","scope":"read:user,repo"}
[debug] [2025-06-02T12:09:34.520Z] >>> [apiv2][query] GET https://api.github.com/user [none]
[debug] [2025-06-02T12:09:35.113Z] <<< [apiv2][status] GET https://api.github.com/user 200
[debug] [2025-06-02T12:09:35.113Z] <<< [apiv2][body] GET https://api.github.com/user {"login":"juubair-islam","id":103087762,"node_id":"U_kgDOBiT-kg","avatar_url":"https://avatars.githubusercontent.com/u/103087762?v=4","gravatar_id":"","url":"https://api.github.com/users/juubair-islam","html_url":"https://github.com/juubair-islam","followers_url":"https://api.github.com/users/juubair-islam/followers","following_url":"https://api.github.com/users/juubair-islam/following{/other_user}","gists_url":"https://api.github.com/users/juubair-islam/gists{/gist_id}","starred_url":"https://api.github.com/users/juubair-islam/starred{/owner}{/repo}","subscriptions_url":"https://api.github.com/users/juubair-islam/subscriptions","organizations_url":"https://api.github.com/users/juubair-islam/orgs","repos_url":"https://api.github.com/users/juubair-islam/repos","events_url":"https://api.github.com/users/juubair-islam/events{/privacy}","received_events_url":"https://api.github.com/users/juubair-islam/received_events","type":"User","user_view_type":"private","site_admin":false,"name":"Jubair","company":"Independent University, Bangladesh (IUB)","blog":"","location":"Bashundhara R/A, Dhaka, Bangladesh","email":null,"hireable":null,"bio":null,"twitter_username":null,"notification_email":null,"public_repos":5,"public_gists":0,"followers":1,"following":3,"created_at":"2022-04-06T02:39:45Z","updated_at":"2025-06-02T12:09:29Z","private_gists":0,"total_private_repos":0,"owned_private_repos":0,"disk_usage":922,"collaborators":0,"two_factor_authentication":false,"plan":{"name":"pro","space":976562499,"collaborators":0,"private_repos":9999}}
[info] 
[info] +  Success! Logged into GitHub as juubair-islam 
[info] 
